Analysis & Synthesis report for DE10_LITE_Golden_Top
Wed Jul 26 20:37:42 2023
Quartus Prime Version 19.1.0 Build 670 09/22/2019 SJ Lite Edition


---------------------
; Table of Contents ;
---------------------
  1. Legal Notice
  2. Analysis & Synthesis Summary
  3. Analysis & Synthesis Settings
  4. Parallel Compilation
  5. Analysis & Synthesis Source Files Read
  6. Analysis & Synthesis Resource Usage Summary
  7. Analysis & Synthesis Resource Utilization by Entity
  8. Analysis & Synthesis RAM Summary
  9. Analysis & Synthesis IP Cores Summary
 10. Registers Removed During Synthesis
 11. General Register Statistics
 12. Source assignments for sdram32:RAM|altsyncram:altsyncram_component|altsyncram_4hi1:auto_generated
 13. Parameter Settings for User Entity Instance: sdram32:RAM|altsyncram:altsyncram_component
 14. altsyncram Parameter Settings by Entity Instance
 15. Port Connectivity Checks: "sdram32:RAM"
 16. Post-Synthesis Netlist Statistics for Top Partition
 17. Elapsed Time Per Partition
 18. Analysis & Synthesis Messages



----------------
; Legal Notice ;
----------------
Copyright (C) 2019  Intel Corporation. All rights reserved.
Your use of Intel Corporation's design tools, logic functions 
and other software and tools, and any partner logic 
functions, and any output files from any of the foregoing 
(including device programming or simulation files), and any 
associated documentation or information are expressly subject 
to the terms and conditions of the Intel Program License 
Subscription Agreement, the Intel Quartus Prime License Agreement,
the Intel FPGA IP License Agreement, or other applicable license
agreement, including, without limitation, that your use is for
the sole purpose of programming logic devices manufactured by
Intel and sold by Intel or its authorized distributors.  Please
refer to the applicable agreement for further details, at
https://fpgasoftware.intel.com/eula.



+----------------------------------------------------------------------------------+
; Analysis & Synthesis Summary                                                     ;
+------------------------------------+---------------------------------------------+
; Analysis & Synthesis Status        ; Successful - Wed Jul 26 20:37:42 2023       ;
; Quartus Prime Version              ; 19.1.0 Build 670 09/22/2019 SJ Lite Edition ;
; Revision Name                      ; DE10_LITE_Golden_Top                        ;
; Top-level Entity Name              ; DE10_LITE_Golden_Top                        ;
; Family                             ; MAX 10                                      ;
; Total logic elements               ; 45                                          ;
;     Total combinational functions  ; 45                                          ;
;     Dedicated logic registers      ; 2                                           ;
; Total registers                    ; 2                                           ;
; Total pins                         ; 185                                         ;
; Total virtual pins                 ; 0                                           ;
; Total memory bits                  ; 96                                          ;
; Embedded Multiplier 9-bit elements ; 0                                           ;
; Total PLLs                         ; 0                                           ;
; UFM blocks                         ; 0                                           ;
; ADC blocks                         ; 0                                           ;
+------------------------------------+---------------------------------------------+


+----------------------------------------------------------------------------------------------------------------+
; Analysis & Synthesis Settings                                                                                  ;
+------------------------------------------------------------------+----------------------+----------------------+
; Option                                                           ; Setting              ; Default Value        ;
+------------------------------------------------------------------+----------------------+----------------------+
; Device                                                           ; 10M50DAF484C6GES     ;                      ;
; Top-level entity name                                            ; DE10_LITE_Golden_Top ; DE10_LITE_Golden_Top ;
; Family name                                                      ; MAX 10               ; Cyclone V            ;
; Use smart compilation                                            ; Off                  ; Off                  ;
; Enable parallel Assembler and Timing Analyzer during compilation ; On                   ; On                   ;
; Enable compact report table                                      ; Off                  ; Off                  ;
; Restructure Multiplexers                                         ; Auto                 ; Auto                 ;
; Create Debugging Nodes for IP Cores                              ; Off                  ; Off                  ;
; Preserve fewer node names                                        ; On                   ; On                   ;
; Intel FPGA IP Evaluation Mode                                    ; Enable               ; Enable               ;
; Verilog Version                                                  ; Verilog_2001         ; Verilog_2001         ;
; VHDL Version                                                     ; VHDL_1993            ; VHDL_1993            ;
; State Machine Processing                                         ; Auto                 ; Auto                 ;
; Safe State Machine                                               ; Off                  ; Off                  ;
; Extract Verilog State Machines                                   ; On                   ; On                   ;
; Extract VHDL State Machines                                      ; On                   ; On                   ;
; Ignore Verilog initial constructs                                ; Off                  ; Off                  ;
; Iteration limit for constant Verilog loops                       ; 5000                 ; 5000                 ;
; Iteration limit for non-constant Verilog loops                   ; 250                  ; 250                  ;
; Add Pass-Through Logic to Inferred RAMs                          ; On                   ; On                   ;
; Infer RAMs from Raw Logic                                        ; On                   ; On                   ;
; Parallel Synthesis                                               ; On                   ; On                   ;
; DSP Block Balancing                                              ; Auto                 ; Auto                 ;
; NOT Gate Push-Back                                               ; On                   ; On                   ;
; Power-Up Don't Care                                              ; On                   ; On                   ;
; Remove Redundant Logic Cells                                     ; Off                  ; Off                  ;
; Remove Duplicate Registers                                       ; On                   ; On                   ;
; Ignore CARRY Buffers                                             ; Off                  ; Off                  ;
; Ignore CASCADE Buffers                                           ; Off                  ; Off                  ;
; Ignore GLOBAL Buffers                                            ; Off                  ; Off                  ;
; Ignore ROW GLOBAL Buffers                                        ; Off                  ; Off                  ;
; Ignore LCELL Buffers                                             ; Off                  ; Off                  ;
; Ignore SOFT Buffers                                              ; On                   ; On                   ;
; Limit AHDL Integers to 32 Bits                                   ; Off                  ; Off                  ;
; Optimization Technique                                           ; Balanced             ; Balanced             ;
; Carry Chain Length                                               ; 70                   ; 70                   ;
; Auto Carry Chains                                                ; On                   ; On                   ;
; Auto Open-Drain Pins                                             ; On                   ; On                   ;
; Perform WYSIWYG Primitive Resynthesis                            ; Off                  ; Off                  ;
; Auto ROM Replacement                                             ; On                   ; On                   ;
; Auto RAM Replacement                                             ; On                   ; On                   ;
; Auto DSP Block Replacement                                       ; On                   ; On                   ;
; Auto Shift Register Replacement                                  ; Auto                 ; Auto                 ;
; Allow Shift Register Merging across Hierarchies                  ; Auto                 ; Auto                 ;
; Auto Clock Enable Replacement                                    ; On                   ; On                   ;
; Strict RAM Replacement                                           ; Off                  ; Off                  ;
; Allow Synchronous Control Signals                                ; On                   ; On                   ;
; Force Use of Synchronous Clear Signals                           ; Off                  ; Off                  ;
; Auto RAM Block Balancing                                         ; On                   ; On                   ;
; Auto RAM to Logic Cell Conversion                                ; Off                  ; Off                  ;
; Auto Resource Sharing                                            ; Off                  ; Off                  ;
; Allow Any RAM Size For Recognition                               ; Off                  ; Off                  ;
; Allow Any ROM Size For Recognition                               ; Off                  ; Off                  ;
; Allow Any Shift Register Size For Recognition                    ; Off                  ; Off                  ;
; Use LogicLock Constraints during Resource Balancing              ; On                   ; On                   ;
; Ignore translate_off and synthesis_off directives                ; Off                  ; Off                  ;
; Timing-Driven Synthesis                                          ; On                   ; On                   ;
; Report Parameter Settings                                        ; On                   ; On                   ;
; Report Source Assignments                                        ; On                   ; On                   ;
; Report Connectivity Checks                                       ; On                   ; On                   ;
; Ignore Maximum Fan-Out Assignments                               ; Off                  ; Off                  ;
; Synchronization Register Chain Length                            ; 2                    ; 2                    ;
; Power Optimization During Synthesis                              ; Normal compilation   ; Normal compilation   ;
; HDL message level                                                ; Level2               ; Level2               ;
; Suppress Register Optimization Related Messages                  ; Off                  ; Off                  ;
; Number of Removed Registers Reported in Synthesis Report         ; 5000                 ; 5000                 ;
; Number of Swept Nodes Reported in Synthesis Report               ; 5000                 ; 5000                 ;
; Number of Inverted Registers Reported in Synthesis Report        ; 100                  ; 100                  ;
; Clock MUX Protection                                             ; On                   ; On                   ;
; Auto Gated Clock Conversion                                      ; Off                  ; Off                  ;
; Block Design Naming                                              ; Auto                 ; Auto                 ;
; SDC constraint protection                                        ; Off                  ; Off                  ;
; Synthesis Effort                                                 ; Auto                 ; Auto                 ;
; Shift Register Replacement - Allow Asynchronous Clear Signal     ; On                   ; On                   ;
; Pre-Mapping Resynthesis Optimization                             ; Off                  ; Off                  ;
; Analysis & Synthesis Message Level                               ; Medium               ; Medium               ;
; Disable Register Merging Across Hierarchies                      ; Auto                 ; Auto                 ;
; Resource Aware Inference For Block RAM                           ; On                   ; On                   ;
+------------------------------------------------------------------+----------------------+----------------------+


+------------------------------------------+
; Parallel Compilation                     ;
+----------------------------+-------------+
; Processors                 ; Number      ;
+----------------------------+-------------+
; Number detected on machine ; 16          ;
; Maximum allowed            ; 8           ;
;                            ;             ;
; Average used               ; 1.00        ;
; Maximum used               ; 8           ;
;                            ;             ;
; Usage by Processor         ; % Time Used ;
;     Processor 1            ; 100.0%      ;
;     Processors 2-8         ;   0.0%      ;
+----------------------------+-------------+


+---------------------------------------------------------------------------------------------------------------------------------------------------------------------------------------------------------------------------------+
; Analysis & Synthesis Source Files Read                                                                                                                                                                                          ;
+----------------------------------+-----------------+----------------------------------------+-------------------------------------------------------------------------------------------------------------------------+---------+
; File Name with User-Entered Path ; Used in Netlist ; File Type                              ; File Name with Absolute Path                                                                                            ; Library ;
+----------------------------------+-----------------+----------------------------------------+-------------------------------------------------------------------------------------------------------------------------+---------+
; sdram32.v                        ; yes             ; User Wizard-Generated File             ; C:/Users/joeru/Documents/gitRepos/scratchComputer/verilog/alteraFgpa/de10lite/Golden_Top/sdram32.v                      ;         ;
; de10_lite_golden_top.v           ; yes             ; Auto-Found Verilog HDL File            ; C:/Users/joeru/Documents/gitRepos/scratchComputer/verilog/alteraFgpa/de10lite/Golden_Top/de10_lite_golden_top.v         ;         ;
; altsyncram.tdf                   ; yes             ; Megafunction                           ; d:/intelfpga_lite/19.1/quartus/libraries/megafunctions/altsyncram.tdf                                                   ;         ;
; stratix_ram_block.inc            ; yes             ; Megafunction                           ; d:/intelfpga_lite/19.1/quartus/libraries/megafunctions/stratix_ram_block.inc                                            ;         ;
; lpm_mux.inc                      ; yes             ; Megafunction                           ; d:/intelfpga_lite/19.1/quartus/libraries/megafunctions/lpm_mux.inc                                                      ;         ;
; lpm_decode.inc                   ; yes             ; Megafunction                           ; d:/intelfpga_lite/19.1/quartus/libraries/megafunctions/lpm_decode.inc                                                   ;         ;
; aglobal191.inc                   ; yes             ; Megafunction                           ; d:/intelfpga_lite/19.1/quartus/libraries/megafunctions/aglobal191.inc                                                   ;         ;
; a_rdenreg.inc                    ; yes             ; Megafunction                           ; d:/intelfpga_lite/19.1/quartus/libraries/megafunctions/a_rdenreg.inc                                                    ;         ;
; altrom.inc                       ; yes             ; Megafunction                           ; d:/intelfpga_lite/19.1/quartus/libraries/megafunctions/altrom.inc                                                       ;         ;
; altram.inc                       ; yes             ; Megafunction                           ; d:/intelfpga_lite/19.1/quartus/libraries/megafunctions/altram.inc                                                       ;         ;
; altdpram.inc                     ; yes             ; Megafunction                           ; d:/intelfpga_lite/19.1/quartus/libraries/megafunctions/altdpram.inc                                                     ;         ;
; db/altsyncram_4hi1.tdf           ; yes             ; Auto-Generated Megafunction            ; C:/Users/joeru/Documents/gitRepos/scratchComputer/verilog/alteraFgpa/de10lite/Golden_Top/db/altsyncram_4hi1.tdf         ;         ;
; memoryinit/framebufferinit.mif   ; yes             ; Auto-Found Memory Initialization File  ; C:/Users/joeru/Documents/gitRepos/scratchComputer/verilog/alteraFgpa/de10lite/Golden_Top/memoryinit/framebufferinit.mif ;         ;
+----------------------------------+-----------------+----------------------------------------+-------------------------------------------------------------------------------------------------------------------------+---------+


+-------------------------------------------------------------------+
; Analysis & Synthesis Resource Usage Summary                       ;
+---------------------------------------------+---------------------+
; Resource                                    ; Usage               ;
+---------------------------------------------+---------------------+
; Estimated Total logic elements              ; 45                  ;
;                                             ;                     ;
; Total combinational functions               ; 45                  ;
; Logic element usage by number of LUT inputs ;                     ;
;     -- 4 input functions                    ; 42                  ;
;     -- 3 input functions                    ; 1                   ;
;     -- <=2 input functions                  ; 2                   ;
;                                             ;                     ;
; Logic elements by mode                      ;                     ;
;     -- normal mode                          ; 45                  ;
;     -- arithmetic mode                      ; 0                   ;
;                                             ;                     ;
; Total registers                             ; 2                   ;
;     -- Dedicated logic registers            ; 2                   ;
;     -- I/O registers                        ; 0                   ;
;                                             ;                     ;
; I/O pins                                    ; 185                 ;
; Total memory bits                           ; 96                  ;
;                                             ;                     ;
; Embedded Multiplier 9-bit elements          ; 0                   ;
;                                             ;                     ;
; Maximum fan-out node                        ; MAX10_CLK1_50~input ;
; Maximum fan-out                             ; 26                  ;
; Total fan-out                               ; 565                 ;
; Average fan-out                             ; 1.10                ;
+---------------------------------------------+---------------------+


+-----------------------------------------------------------------------------------------------------------------------------------------------------------------------------------------------------------------------------------------------------------------------------------------------------------------------------------------+
; Analysis & Synthesis Resource Utilization by Entity                                                                                                                                                                                                                                                                                     ;
+-------------------------------------------+---------------------+---------------------------+-------------+------------+--------------+---------+-----------+------+--------------+------------+--------------------------------------------------------------------------------------------------+----------------------+--------------+
; Compilation Hierarchy Node                ; Combinational ALUTs ; Dedicated Logic Registers ; Memory Bits ; UFM Blocks ; DSP Elements ; DSP 9x9 ; DSP 18x18 ; Pins ; Virtual Pins ; ADC blocks ; Full Hierarchy Name                                                                              ; Entity Name          ; Library Name ;
+-------------------------------------------+---------------------+---------------------------+-------------+------------+--------------+---------+-----------+------+--------------+------------+--------------------------------------------------------------------------------------------------+----------------------+--------------+
; |DE10_LITE_Golden_Top                     ; 45 (45)             ; 2 (2)                     ; 96          ; 0          ; 0            ; 0       ; 0         ; 185  ; 0            ; 0          ; |DE10_LITE_Golden_Top                                                                            ; DE10_LITE_Golden_Top ; work         ;
;    |sdram32:RAM|                          ; 0 (0)               ; 0 (0)                     ; 96          ; 0          ; 0            ; 0       ; 0         ; 0    ; 0            ; 0          ; |DE10_LITE_Golden_Top|sdram32:RAM                                                                ; sdram32              ; work         ;
;       |altsyncram:altsyncram_component|   ; 0 (0)               ; 0 (0)                     ; 96          ; 0          ; 0            ; 0       ; 0         ; 0    ; 0            ; 0          ; |DE10_LITE_Golden_Top|sdram32:RAM|altsyncram:altsyncram_component                                ; altsyncram           ; work         ;
;          |altsyncram_4hi1:auto_generated| ; 0 (0)               ; 0 (0)                     ; 96          ; 0          ; 0            ; 0       ; 0         ; 0    ; 0            ; 0          ; |DE10_LITE_Golden_Top|sdram32:RAM|altsyncram:altsyncram_component|altsyncram_4hi1:auto_generated ; altsyncram_4hi1      ; work         ;
+-------------------------------------------+---------------------+---------------------------+-------------+------------+--------------+---------+-----------+------+--------------+------------+--------------------------------------------------------------------------------------------------+----------------------+--------------+
Note: For table entries with two numbers listed, the numbers in parentheses indicate the number of resources of the given type used by the specific entity alone. The numbers listed outside of parentheses indicate the total resources of the given type used by the specific entity and all of its sub-entities in the hierarchy.


+------------------------------------------------------------------------------------------------------------------------------------------------------------------------------------------------------------------+
; Analysis & Synthesis RAM Summary                                                                                                                                                                                 ;
+---------------------------------------------------------------------------------------+------+-------------+--------------+--------------+--------------+--------------+------+----------------------------------+
; Name                                                                                  ; Type ; Mode        ; Port A Depth ; Port A Width ; Port B Depth ; Port B Width ; Size ; MIF                              ;
+---------------------------------------------------------------------------------------+------+-------------+--------------+--------------+--------------+--------------+------+----------------------------------+
; sdram32:RAM|altsyncram:altsyncram_component|altsyncram_4hi1:auto_generated|ALTSYNCRAM ; AUTO ; Single Port ; 256          ; 32           ; --           ; --           ; 8192 ; ./memoryInit/FrameBufferInit.mif ;
+---------------------------------------------------------------------------------------+------+-------------+--------------+--------------+--------------+--------------+------+----------------------------------+


+---------------------------------------------------------------------------------------------------------------------+
; Analysis & Synthesis IP Cores Summary                                                                               ;
+--------+--------------+---------+--------------+--------------+-----------------------------------+-----------------+
; Vendor ; IP Core Name ; Version ; Release Date ; License Type ; Entity Instance                   ; IP Include File ;
+--------+--------------+---------+--------------+--------------+-----------------------------------+-----------------+
; Altera ; RAM: 1-PORT  ; 19.1    ; N/A          ; N/A          ; |DE10_LITE_Golden_Top|sdram32:RAM ; sdram32.v       ;
+--------+--------------+---------+--------------+--------------+-----------------------------------+-----------------+


+-----------------------------------------------------------------------------------------+
; Registers Removed During Synthesis                                                      ;
+------------------------------------------------+----------------------------------------+
; Register name                                  ; Reason for Removal                     ;
+------------------------------------------------+----------------------------------------+
; ram_data_in[24..31]                            ; Lost fanout                            ;
; ram_address[3..7]                              ; Merged with ram_address[2]             ;
; ram_data_in[0,2..5,7,8,10..13,15,16,18..21,23] ; Merged with ram_address[2]             ;
; ram_address[1]                                 ; Merged with ram_address[0]             ;
; ram_data_in[1,6,9,14,17,22]                    ; Merged with ram_address[0]             ;
; ram_address[2]                                 ; Stuck at GND due to stuck port data_in ;
; Total Number of Removed Registers = 39         ;                                        ;
+------------------------------------------------+----------------------------------------+


+------------------------------------------------------+
; General Register Statistics                          ;
+----------------------------------------------+-------+
; Statistic                                    ; Value ;
+----------------------------------------------+-------+
; Total registers                              ; 2     ;
; Number of registers using Synchronous Clear  ; 0     ;
; Number of registers using Synchronous Load   ; 0     ;
; Number of registers using Asynchronous Clear ; 0     ;
; Number of registers using Asynchronous Load  ; 0     ;
; Number of registers using Clock Enable       ; 0     ;
; Number of registers using Preset             ; 0     ;
+----------------------------------------------+-------+


+---------------------------------------------------------------------------------------------------+
; Source assignments for sdram32:RAM|altsyncram:altsyncram_component|altsyncram_4hi1:auto_generated ;
+---------------------------------+--------------------+------+-------------------------------------+
; Assignment                      ; Value              ; From ; To                                  ;
+---------------------------------+--------------------+------+-------------------------------------+
; OPTIMIZE_POWER_DURING_SYNTHESIS ; NORMAL_COMPILATION ; -    ; -                                   ;
+---------------------------------+--------------------+------+-------------------------------------+


+------------------------------------------------------------------------------------------+
; Parameter Settings for User Entity Instance: sdram32:RAM|altsyncram:altsyncram_component ;
+------------------------------------+----------------------------------+------------------+
; Parameter Name                     ; Value                            ; Type             ;
+------------------------------------+----------------------------------+------------------+
; BYTE_SIZE_BLOCK                    ; 8                                ; Untyped          ;
; AUTO_CARRY_CHAINS                  ; ON                               ; AUTO_CARRY       ;
; IGNORE_CARRY_BUFFERS               ; OFF                              ; IGNORE_CARRY     ;
; AUTO_CASCADE_CHAINS                ; ON                               ; AUTO_CASCADE     ;
; IGNORE_CASCADE_BUFFERS             ; OFF                              ; IGNORE_CASCADE   ;
; WIDTH_BYTEENA                      ; 1                                ; Untyped          ;
; OPERATION_MODE                     ; SINGLE_PORT                      ; Untyped          ;
; WIDTH_A                            ; 32                               ; Signed Integer   ;
; WIDTHAD_A                          ; 8                                ; Signed Integer   ;
; NUMWORDS_A                         ; 256                              ; Signed Integer   ;
; OUTDATA_REG_A                      ; UNREGISTERED                     ; Untyped          ;
; ADDRESS_ACLR_A                     ; NONE                             ; Untyped          ;
; OUTDATA_ACLR_A                     ; NONE                             ; Untyped          ;
; WRCONTROL_ACLR_A                   ; NONE                             ; Untyped          ;
; INDATA_ACLR_A                      ; NONE                             ; Untyped          ;
; BYTEENA_ACLR_A                     ; NONE                             ; Untyped          ;
; WIDTH_B                            ; 1                                ; Untyped          ;
; WIDTHAD_B                          ; 1                                ; Untyped          ;
; NUMWORDS_B                         ; 1                                ; Untyped          ;
; INDATA_REG_B                       ; CLOCK1                           ; Untyped          ;
; WRCONTROL_WRADDRESS_REG_B          ; CLOCK1                           ; Untyped          ;
; RDCONTROL_REG_B                    ; CLOCK1                           ; Untyped          ;
; ADDRESS_REG_B                      ; CLOCK1                           ; Untyped          ;
; OUTDATA_REG_B                      ; UNREGISTERED                     ; Untyped          ;
; BYTEENA_REG_B                      ; CLOCK1                           ; Untyped          ;
; INDATA_ACLR_B                      ; NONE                             ; Untyped          ;
; WRCONTROL_ACLR_B                   ; NONE                             ; Untyped          ;
; ADDRESS_ACLR_B                     ; NONE                             ; Untyped          ;
; OUTDATA_ACLR_B                     ; NONE                             ; Untyped          ;
; RDCONTROL_ACLR_B                   ; NONE                             ; Untyped          ;
; BYTEENA_ACLR_B                     ; NONE                             ; Untyped          ;
; WIDTH_BYTEENA_A                    ; 1                                ; Signed Integer   ;
; WIDTH_BYTEENA_B                    ; 1                                ; Untyped          ;
; RAM_BLOCK_TYPE                     ; AUTO                             ; Untyped          ;
; BYTE_SIZE                          ; 8                                ; Untyped          ;
; READ_DURING_WRITE_MODE_MIXED_PORTS ; DONT_CARE                        ; Untyped          ;
; READ_DURING_WRITE_MODE_PORT_A      ; OLD_DATA                         ; Untyped          ;
; READ_DURING_WRITE_MODE_PORT_B      ; NEW_DATA_NO_NBE_READ             ; Untyped          ;
; INIT_FILE                          ; ./memoryInit/FrameBufferInit.mif ; Untyped          ;
; INIT_FILE_LAYOUT                   ; PORT_A                           ; Untyped          ;
; MAXIMUM_DEPTH                      ; 0                                ; Untyped          ;
; CLOCK_ENABLE_INPUT_A               ; BYPASS                           ; Untyped          ;
; CLOCK_ENABLE_INPUT_B               ; NORMAL                           ; Untyped          ;
; CLOCK_ENABLE_OUTPUT_A              ; BYPASS                           ; Untyped          ;
; CLOCK_ENABLE_OUTPUT_B              ; NORMAL                           ; Untyped          ;
; CLOCK_ENABLE_CORE_A                ; USE_INPUT_CLKEN                  ; Untyped          ;
; CLOCK_ENABLE_CORE_B                ; USE_INPUT_CLKEN                  ; Untyped          ;
; ENABLE_ECC                         ; FALSE                            ; Untyped          ;
; ECC_PIPELINE_STAGE_ENABLED         ; FALSE                            ; Untyped          ;
; WIDTH_ECCSTATUS                    ; 3                                ; Untyped          ;
; DEVICE_FAMILY                      ; MAX 10                           ; Untyped          ;
; CBXI_PARAMETER                     ; altsyncram_4hi1                  ; Untyped          ;
+------------------------------------+----------------------------------+------------------+
Note: In order to hide this table in the UI and the text report file, please set the "Show Parameter Settings in Synthesis Report" option in "Analysis and Synthesis Settings -> More Settings" to "Off".


+-----------------------------------------------------------------------------------------+
; altsyncram Parameter Settings by Entity Instance                                        ;
+-------------------------------------------+---------------------------------------------+
; Name                                      ; Value                                       ;
+-------------------------------------------+---------------------------------------------+
; Number of entity instances                ; 1                                           ;
; Entity Instance                           ; sdram32:RAM|altsyncram:altsyncram_component ;
;     -- OPERATION_MODE                     ; SINGLE_PORT                                 ;
;     -- WIDTH_A                            ; 32                                          ;
;     -- NUMWORDS_A                         ; 256                                         ;
;     -- OUTDATA_REG_A                      ; UNREGISTERED                                ;
;     -- WIDTH_B                            ; 1                                           ;
;     -- NUMWORDS_B                         ; 1                                           ;
;     -- ADDRESS_REG_B                      ; CLOCK1                                      ;
;     -- OUTDATA_REG_B                      ; UNREGISTERED                                ;
;     -- RAM_BLOCK_TYPE                     ; AUTO                                        ;
;     -- READ_DURING_WRITE_MODE_MIXED_PORTS ; DONT_CARE                                   ;
+-------------------------------------------+---------------------------------------------+


+---------------------------------------------------------------------------------------------------------------------+
; Port Connectivity Checks: "sdram32:RAM"                                                                             ;
+-----------+--------+----------+-------------------------------------------------------------------------------------+
; Port      ; Type   ; Severity ; Details                                                                             ;
+-----------+--------+----------+-------------------------------------------------------------------------------------+
; q[31..24] ; Output ; Info     ; Connected to dangling logic. Logic that only feeds a dangling port will be removed. ;
+-----------+--------+----------+-------------------------------------------------------------------------------------+


+-----------------------------------------------------+
; Post-Synthesis Netlist Statistics for Top Partition ;
+-----------------------+-----------------------------+
; Type                  ; Count                       ;
+-----------------------+-----------------------------+
; boundary_port         ; 185                         ;
; cycloneiii_ff         ; 2                           ;
;     plain             ; 2                           ;
; cycloneiii_io_obuf    ; 71                          ;
; cycloneiii_lcell_comb ; 52                          ;
;     normal            ; 52                          ;
;         0 data inputs ; 2                           ;
;         1 data inputs ; 6                           ;
;         2 data inputs ; 1                           ;
;         3 data inputs ; 1                           ;
;         4 data inputs ; 42                          ;
; cycloneiii_ram_block  ; 24                          ;
;                       ;                             ;
; Max LUT depth         ; 2.00                        ;
; Average LUT depth     ; 0.74                        ;
+-----------------------+-----------------------------+


+-------------------------------+
; Elapsed Time Per Partition    ;
+----------------+--------------+
; Partition Name ; Elapsed Time ;
+----------------+--------------+
; Top            ; 00:00:00     ;
+----------------+--------------+


+-------------------------------+
; Analysis & Synthesis Messages ;
+-------------------------------+
Info: *******************************************************************
Info: Running Quartus Prime Analysis & Synthesis
    Info: Version 19.1.0 Build 670 09/22/2019 SJ Lite Edition
    Info: Processing started: Wed Jul 26 20:37:34 2023
Info: Command: quartus_map --read_settings_files=on --write_settings_files=off DE10_LITE_Golden_Top -c DE10_LITE_Golden_Top
Warning (18236): Number of processors has not been specified which may cause overloading on shared machines.  Set the global assignment NUM_PARALLEL_PROCESSORS in your QSF to an appropriate value for best performance.
Info (20030): Parallel compilation is enabled and will use 8 of the 8 processors detected
Info (12021): Found 1 design units, including 1 entities, in source file sdram32.v
    Info (12023): Found entity 1: sdram32 File: C:/Users/joeru/Documents/gitRepos/scratchComputer/verilog/alteraFgpa/de10lite/Golden_Top/sdram32.v Line: 40
Warning (12125): Using design file de10_lite_golden_top.v, which is not specified as a design file for the current project, but contains definitions for 1 design units and 1 entities in project
    Info (12023): Found entity 1: DE10_LITE_Golden_Top File: C:/Users/joeru/Documents/gitRepos/scratchComputer/verilog/alteraFgpa/de10lite/Golden_Top/de10_lite_golden_top.v Line: 25
Info (12127): Elaborating entity "DE10_LITE_Golden_Top" for the top level hierarchy
Warning (10230): Verilog HDL assignment warning at de10_lite_golden_top.v(135): truncated value with size 8 to match size of target (4) File: C:/Users/joeru/Documents/gitRepos/scratchComputer/verilog/alteraFgpa/de10lite/Golden_Top/de10_lite_golden_top.v Line: 135
Warning (10230): Verilog HDL assignment warning at de10_lite_golden_top.v(136): truncated value with size 8 to match size of target (4) File: C:/Users/joeru/Documents/gitRepos/scratchComputer/verilog/alteraFgpa/de10lite/Golden_Top/de10_lite_golden_top.v Line: 136
Warning (10230): Verilog HDL assignment warning at de10_lite_golden_top.v(137): truncated value with size 8 to match size of target (4) File: C:/Users/joeru/Documents/gitRepos/scratchComputer/verilog/alteraFgpa/de10lite/Golden_Top/de10_lite_golden_top.v Line: 137
Warning (10230): Verilog HDL assignment warning at de10_lite_golden_top.v(138): truncated value with size 8 to match size of target (4) File: C:/Users/joeru/Documents/gitRepos/scratchComputer/verilog/alteraFgpa/de10lite/Golden_Top/de10_lite_golden_top.v Line: 138
Warning (10230): Verilog HDL assignment warning at de10_lite_golden_top.v(139): truncated value with size 8 to match size of target (4) File: C:/Users/joeru/Documents/gitRepos/scratchComputer/verilog/alteraFgpa/de10lite/Golden_Top/de10_lite_golden_top.v Line: 139
Warning (10230): Verilog HDL assignment warning at de10_lite_golden_top.v(140): truncated value with size 8 to match size of target (4) File: C:/Users/joeru/Documents/gitRepos/scratchComputer/verilog/alteraFgpa/de10lite/Golden_Top/de10_lite_golden_top.v Line: 140
Warning (10230): Verilog HDL assignment warning at de10_lite_golden_top.v(193): truncated value with size 42 to match size of target (32) File: C:/Users/joeru/Documents/gitRepos/scratchComputer/verilog/alteraFgpa/de10lite/Golden_Top/de10_lite_golden_top.v Line: 193
Warning (10034): Output port "DRAM_ADDR" at de10_lite_golden_top.v(33) has no driver File: C:/Users/joeru/Documents/gitRepos/scratchComputer/verilog/alteraFgpa/de10lite/Golden_Top/de10_lite_golden_top.v Line: 33
Warning (10034): Output port "DRAM_BA" at de10_lite_golden_top.v(34) has no driver File: C:/Users/joeru/Documents/gitRepos/scratchComputer/verilog/alteraFgpa/de10lite/Golden_Top/de10_lite_golden_top.v Line: 34
Warning (10034): Output port "LEDR" at de10_lite_golden_top.v(57) has no driver File: C:/Users/joeru/Documents/gitRepos/scratchComputer/verilog/alteraFgpa/de10lite/Golden_Top/de10_lite_golden_top.v Line: 57
Warning (10034): Output port "VGA_B" at de10_lite_golden_top.v(63) has no driver File: C:/Users/joeru/Documents/gitRepos/scratchComputer/verilog/alteraFgpa/de10lite/Golden_Top/de10_lite_golden_top.v Line: 63
Warning (10034): Output port "VGA_G" at de10_lite_golden_top.v(64) has no driver File: C:/Users/joeru/Documents/gitRepos/scratchComputer/verilog/alteraFgpa/de10lite/Golden_Top/de10_lite_golden_top.v Line: 64
Warning (10034): Output port "VGA_R" at de10_lite_golden_top.v(66) has no driver File: C:/Users/joeru/Documents/gitRepos/scratchComputer/verilog/alteraFgpa/de10lite/Golden_Top/de10_lite_golden_top.v Line: 66
Warning (10034): Output port "DRAM_CAS_N" at de10_lite_golden_top.v(35) has no driver File: C:/Users/joeru/Documents/gitRepos/scratchComputer/verilog/alteraFgpa/de10lite/Golden_Top/de10_lite_golden_top.v Line: 35
Warning (10034): Output port "DRAM_CKE" at de10_lite_golden_top.v(36) has no driver File: C:/Users/joeru/Documents/gitRepos/scratchComputer/verilog/alteraFgpa/de10lite/Golden_Top/de10_lite_golden_top.v Line: 36
Warning (10034): Output port "DRAM_CLK" at de10_lite_golden_top.v(37) has no driver File: C:/Users/joeru/Documents/gitRepos/scratchComputer/verilog/alteraFgpa/de10lite/Golden_Top/de10_lite_golden_top.v Line: 37
Warning (10034): Output port "DRAM_CS_N" at de10_lite_golden_top.v(38) has no driver File: C:/Users/joeru/Documents/gitRepos/scratchComputer/verilog/alteraFgpa/de10lite/Golden_Top/de10_lite_golden_top.v Line: 38
Warning (10034): Output port "DRAM_LDQM" at de10_lite_golden_top.v(40) has no driver File: C:/Users/joeru/Documents/gitRepos/scratchComputer/verilog/alteraFgpa/de10lite/Golden_Top/de10_lite_golden_top.v Line: 40
Warning (10034): Output port "DRAM_RAS_N" at de10_lite_golden_top.v(41) has no driver File: C:/Users/joeru/Documents/gitRepos/scratchComputer/verilog/alteraFgpa/de10lite/Golden_Top/de10_lite_golden_top.v Line: 41
Warning (10034): Output port "DRAM_UDQM" at de10_lite_golden_top.v(42) has no driver File: C:/Users/joeru/Documents/gitRepos/scratchComputer/verilog/alteraFgpa/de10lite/Golden_Top/de10_lite_golden_top.v Line: 42
Warning (10034): Output port "DRAM_WE_N" at de10_lite_golden_top.v(43) has no driver File: C:/Users/joeru/Documents/gitRepos/scratchComputer/verilog/alteraFgpa/de10lite/Golden_Top/de10_lite_golden_top.v Line: 43
Warning (10034): Output port "VGA_HS" at de10_lite_golden_top.v(65) has no driver File: C:/Users/joeru/Documents/gitRepos/scratchComputer/verilog/alteraFgpa/de10lite/Golden_Top/de10_lite_golden_top.v Line: 65
Warning (10034): Output port "VGA_VS" at de10_lite_golden_top.v(67) has no driver File: C:/Users/joeru/Documents/gitRepos/scratchComputer/verilog/alteraFgpa/de10lite/Golden_Top/de10_lite_golden_top.v Line: 67
Warning (10034): Output port "GSENSOR_CS_N" at de10_lite_golden_top.v(70) has no driver File: C:/Users/joeru/Documents/gitRepos/scratchComputer/verilog/alteraFgpa/de10lite/Golden_Top/de10_lite_golden_top.v Line: 70
Warning (10034): Output port "GSENSOR_SCLK" at de10_lite_golden_top.v(72) has no driver File: C:/Users/joeru/Documents/gitRepos/scratchComputer/verilog/alteraFgpa/de10lite/Golden_Top/de10_lite_golden_top.v Line: 72
Info (12128): Elaborating entity "sdram32" for hierarchy "sdram32:RAM" File: C:/Users/joeru/Documents/gitRepos/scratchComputer/verilog/alteraFgpa/de10lite/Golden_Top/de10_lite_golden_top.v Line: 119
Info (12128): Elaborating entity "altsyncram" for hierarchy "sdram32:RAM|altsyncram:altsyncram_component" File: C:/Users/joeru/Documents/gitRepos/scratchComputer/verilog/alteraFgpa/de10lite/Golden_Top/sdram32.v Line: 86
Info (12130): Elaborated megafunction instantiation "sdram32:RAM|altsyncram:altsyncram_component" File: C:/Users/joeru/Documents/gitRepos/scratchComputer/verilog/alteraFgpa/de10lite/Golden_Top/sdram32.v Line: 86
Info (12133): Instantiated megafunction "sdram32:RAM|altsyncram:altsyncram_component" with the following parameter: File: C:/Users/joeru/Documents/gitRepos/scratchComputer/verilog/alteraFgpa/de10lite/Golden_Top/sdram32.v Line: 86
    Info (12134): Parameter "clock_enable_input_a" = "BYPASS"
    Info (12134): Parameter "clock_enable_output_a" = "BYPASS"
    Info (12134): Parameter "init_file" = "./memoryInit/FrameBufferInit.mif"
    Info (12134): Parameter "intended_device_family" = "MAX 10"
    Info (12134): Parameter "lpm_hint" = "ENABLE_RUNTIME_MOD=NO"
    Info (12134): Parameter "lpm_type" = "altsyncram"
    Info (12134): Parameter "numwords_a" = "256"
    Info (12134): Parameter "operation_mode" = "SINGLE_PORT"
    Info (12134): Parameter "outdata_aclr_a" = "NONE"
    Info (12134): Parameter "outdata_reg_a" = "UNREGISTERED"
    Info (12134): Parameter "power_up_uninitialized" = "FALSE"
    Info (12134): Parameter "read_during_write_mode_port_a" = "OLD_DATA"
    Info (12134): Parameter "widthad_a" = "8"
    Info (12134): Parameter "width_a" = "32"
    Info (12134): Parameter "width_byteena_a" = "1"
Info (12021): Found 1 design units, including 1 entities, in source file db/altsyncram_4hi1.tdf
    Info (12023): Found entity 1: altsyncram_4hi1 File: C:/Users/joeru/Documents/gitRepos/scratchComputer/verilog/alteraFgpa/de10lite/Golden_Top/db/altsyncram_4hi1.tdf Line: 28
Info (12128): Elaborating entity "altsyncram_4hi1" for hierarchy "sdram32:RAM|altsyncram:altsyncram_component|altsyncram_4hi1:auto_generated" File: d:/intelfpga_lite/19.1/quartus/libraries/megafunctions/altsyncram.tdf Line: 792
Warning (14284): Synthesized away the following node(s):
    Warning (14285): Synthesized away the following RAM node(s):
        Warning (14320): Synthesized away node "sdram32:RAM|altsyncram:altsyncram_component|altsyncram_4hi1:auto_generated|q_a[24]" File: C:/Users/joeru/Documents/gitRepos/scratchComputer/verilog/alteraFgpa/de10lite/Golden_Top/db/altsyncram_4hi1.tdf Line: 613
        Warning (14320): Synthesized away node "sdram32:RAM|altsyncram:altsyncram_component|altsyncram_4hi1:auto_generated|q_a[25]" File: C:/Users/joeru/Documents/gitRepos/scratchComputer/verilog/alteraFgpa/de10lite/Golden_Top/db/altsyncram_4hi1.tdf Line: 637
        Warning (14320): Synthesized away node "sdram32:RAM|altsyncram:altsyncram_component|altsyncram_4hi1:auto_generated|q_a[26]" File: C:/Users/joeru/Documents/gitRepos/scratchComputer/verilog/alteraFgpa/de10lite/Golden_Top/db/altsyncram_4hi1.tdf Line: 661
        Warning (14320): Synthesized away node "sdram32:RAM|altsyncram:altsyncram_component|altsyncram_4hi1:auto_generated|q_a[27]" File: C:/Users/joeru/Documents/gitRepos/scratchComputer/verilog/alteraFgpa/de10lite/Golden_Top/db/altsyncram_4hi1.tdf Line: 685
        Warning (14320): Synthesized away node "sdram32:RAM|altsyncram:altsyncram_component|altsyncram_4hi1:auto_generated|q_a[28]" File: C:/Users/joeru/Documents/gitRepos/scratchComputer/verilog/alteraFgpa/de10lite/Golden_Top/db/altsyncram_4hi1.tdf Line: 709
        Warning (14320): Synthesized away node "sdram32:RAM|altsyncram:altsyncram_component|altsyncram_4hi1:auto_generated|q_a[29]" File: C:/Users/joeru/Documents/gitRepos/scratchComputer/verilog/alteraFgpa/de10lite/Golden_Top/db/altsyncram_4hi1.tdf Line: 733
        Warning (14320): Synthesized away node "sdram32:RAM|altsyncram:altsyncram_component|altsyncram_4hi1:auto_generated|q_a[30]" File: C:/Users/joeru/Documents/gitRepos/scratchComputer/verilog/alteraFgpa/de10lite/Golden_Top/db/altsyncram_4hi1.tdf Line: 757
        Warning (14320): Synthesized away node "sdram32:RAM|altsyncram:altsyncram_component|altsyncram_4hi1:auto_generated|q_a[31]" File: C:/Users/joeru/Documents/gitRepos/scratchComputer/verilog/alteraFgpa/de10lite/Golden_Top/db/altsyncram_4hi1.tdf Line: 781
Warning (13039): The following bidirectional pins have no drivers
    Warning (13040): bidirectional pin "DRAM_DQ[0]" has no driver File: C:/Users/joeru/Documents/gitRepos/scratchComputer/verilog/alteraFgpa/de10lite/Golden_Top/de10_lite_golden_top.v Line: 39
    Warning (13040): bidirectional pin "DRAM_DQ[1]" has no driver File: C:/Users/joeru/Documents/gitRepos/scratchComputer/verilog/alteraFgpa/de10lite/Golden_Top/de10_lite_golden_top.v Line: 39
    Warning (13040): bidirectional pin "DRAM_DQ[2]" has no driver File: C:/Users/joeru/Documents/gitRepos/scratchComputer/verilog/alteraFgpa/de10lite/Golden_Top/de10_lite_golden_top.v Line: 39
    Warning (13040): bidirectional pin "DRAM_DQ[3]" has no driver File: C:/Users/joeru/Documents/gitRepos/scratchComputer/verilog/alteraFgpa/de10lite/Golden_Top/de10_lite_golden_top.v Line: 39
    Warning (13040): bidirectional pin "DRAM_DQ[4]" has no driver File: C:/Users/joeru/Documents/gitRepos/scratchComputer/verilog/alteraFgpa/de10lite/Golden_Top/de10_lite_golden_top.v Line: 39
    Warning (13040): bidirectional pin "DRAM_DQ[5]" has no driver File: C:/Users/joeru/Documents/gitRepos/scratchComputer/verilog/alteraFgpa/de10lite/Golden_Top/de10_lite_golden_top.v Line: 39
    Warning (13040): bidirectional pin "DRAM_DQ[6]" has no driver File: C:/Users/joeru/Documents/gitRepos/scratchComputer/verilog/alteraFgpa/de10lite/Golden_Top/de10_lite_golden_top.v Line: 39
    Warning (13040): bidirectional pin "DRAM_DQ[7]" has no driver File: C:/Users/joeru/Documents/gitRepos/scratchComputer/verilog/alteraFgpa/de10lite/Golden_Top/de10_lite_golden_top.v Line: 39
    Warning (13040): bidirectional pin "DRAM_DQ[8]" has no driver File: C:/Users/joeru/Documents/gitRepos/scratchComputer/verilog/alteraFgpa/de10lite/Golden_Top/de10_lite_golden_top.v Line: 39
    Warning (13040): bidirectional pin "DRAM_DQ[9]" has no driver File: C:/Users/joeru/Documents/gitRepos/scratchComputer/verilog/alteraFgpa/de10lite/Golden_Top/de10_lite_golden_top.v Line: 39
    Warning (13040): bidirectional pin "DRAM_DQ[10]" has no driver File: C:/Users/joeru/Documents/gitRepos/scratchComputer/verilog/alteraFgpa/de10lite/Golden_Top/de10_lite_golden_top.v Line: 39
    Warning (13040): bidirectional pin "DRAM_DQ[11]" has no driver File: C:/Users/joeru/Documents/gitRepos/scratchComputer/verilog/alteraFgpa/de10lite/Golden_Top/de10_lite_golden_top.v Line: 39
    Warning (13040): bidirectional pin "DRAM_DQ[12]" has no driver File: C:/Users/joeru/Documents/gitRepos/scratchComputer/verilog/alteraFgpa/de10lite/Golden_Top/de10_lite_golden_top.v Line: 39
    Warning (13040): bidirectional pin "DRAM_DQ[13]" has no driver File: C:/Users/joeru/Documents/gitRepos/scratchComputer/verilog/alteraFgpa/de10lite/Golden_Top/de10_lite_golden_top.v Line: 39
    Warning (13040): bidirectional pin "DRAM_DQ[14]" has no driver File: C:/Users/joeru/Documents/gitRepos/scratchComputer/verilog/alteraFgpa/de10lite/Golden_Top/de10_lite_golden_top.v Line: 39
    Warning (13040): bidirectional pin "DRAM_DQ[15]" has no driver File: C:/Users/joeru/Documents/gitRepos/scratchComputer/verilog/alteraFgpa/de10lite/Golden_Top/de10_lite_golden_top.v Line: 39
    Warning (13040): bidirectional pin "GSENSOR_SDI" has no driver File: C:/Users/joeru/Documents/gitRepos/scratchComputer/verilog/alteraFgpa/de10lite/Golden_Top/de10_lite_golden_top.v Line: 73
    Warning (13040): bidirectional pin "GSENSOR_SDO" has no driver File: C:/Users/joeru/Documents/gitRepos/scratchComputer/verilog/alteraFgpa/de10lite/Golden_Top/de10_lite_golden_top.v Line: 74
    Warning (13040): bidirectional pin "ARDUINO_IO[0]" has no driver File: C:/Users/joeru/Documents/gitRepos/scratchComputer/verilog/alteraFgpa/de10lite/Golden_Top/de10_lite_golden_top.v Line: 77
    Warning (13040): bidirectional pin "ARDUINO_IO[1]" has no driver File: C:/Users/joeru/Documents/gitRepos/scratchComputer/verilog/alteraFgpa/de10lite/Golden_Top/de10_lite_golden_top.v Line: 77
    Warning (13040): bidirectional pin "ARDUINO_IO[2]" has no driver File: C:/Users/joeru/Documents/gitRepos/scratchComputer/verilog/alteraFgpa/de10lite/Golden_Top/de10_lite_golden_top.v Line: 77
    Warning (13040): bidirectional pin "ARDUINO_IO[3]" has no driver File: C:/Users/joeru/Documents/gitRepos/scratchComputer/verilog/alteraFgpa/de10lite/Golden_Top/de10_lite_golden_top.v Line: 77
    Warning (13040): bidirectional pin "ARDUINO_IO[4]" has no driver File: C:/Users/joeru/Documents/gitRepos/scratchComputer/verilog/alteraFgpa/de10lite/Golden_Top/de10_lite_golden_top.v Line: 77
    Warning (13040): bidirectional pin "ARDUINO_IO[5]" has no driver File: C:/Users/joeru/Documents/gitRepos/scratchComputer/verilog/alteraFgpa/de10lite/Golden_Top/de10_lite_golden_top.v Line: 77
    Warning (13040): bidirectional pin "ARDUINO_IO[6]" has no driver File: C:/Users/joeru/Documents/gitRepos/scratchComputer/verilog/alteraFgpa/de10lite/Golden_Top/de10_lite_golden_top.v Line: 77
    Warning (13040): bidirectional pin "ARDUINO_IO[7]" has no driver File: C:/Users/joeru/Documents/gitRepos/scratchComputer/verilog/alteraFgpa/de10lite/Golden_Top/de10_lite_golden_top.v Line: 77
    Warning (13040): bidirectional pin "ARDUINO_IO[8]" has no driver File: C:/Users/joeru/Documents/gitRepos/scratchComputer/verilog/alteraFgpa/de10lite/Golden_Top/de10_lite_golden_top.v Line: 77
    Warning (13040): bidirectional pin "ARDUINO_IO[9]" has no driver File: C:/Users/joeru/Documents/gitRepos/scratchComputer/verilog/alteraFgpa/de10lite/Golden_Top/de10_lite_golden_top.v Line: 77
    Warning (13040): bidirectional pin "ARDUINO_IO[10]" has no driver File: C:/Users/joeru/Documents/gitRepos/scratchComputer/verilog/alteraFgpa/de10lite/Golden_Top/de10_lite_golden_top.v Line: 77
    Warning (13040): bidirectional pin "ARDUINO_IO[11]" has no driver File: C:/Users/joeru/Documents/gitRepos/scratchComputer/verilog/alteraFgpa/de10lite/Golden_Top/de10_lite_golden_top.v Line: 77
    Warning (13040): bidirectional pin "ARDUINO_IO[12]" has no driver File: C:/Users/joeru/Documents/gitRepos/scratchComputer/verilog/alteraFgpa/de10lite/Golden_Top/de10_lite_golden_top.v Line: 77
    Warning (13040): bidirectional pin "ARDUINO_IO[13]" has no driver File: C:/Users/joeru/Documents/gitRepos/scratchComputer/verilog/alteraFgpa/de10lite/Golden_Top/de10_lite_golden_top.v Line: 77
    Warning (13040): bidirectional pin "ARDUINO_IO[14]" has no driver File: C:/Users/joeru/Documents/gitRepos/scratchComputer/verilog/alteraFgpa/de10lite/Golden_Top/de10_lite_golden_top.v Line: 77
    Warning (13040): bidirectional pin "ARDUINO_IO[15]" has no driver File: C:/Users/joeru/Documents/gitRepos/scratchComputer/verilog/alteraFgpa/de10lite/Golden_Top/de10_lite_golden_top.v Line: 77
    Warning (13040): bidirectional pin "ARDUINO_RESET_N" has no driver File: C:/Users/joeru/Documents/gitRepos/scratchComputer/verilog/alteraFgpa/de10lite/Golden_Top/de10_lite_golden_top.v Line: 78
    Warning (13040): bidirectional pin "GPIO[0]" has no driver File: C:/Users/joeru/Documents/gitRepos/scratchComputer/verilog/alteraFgpa/de10lite/Golden_Top/de10_lite_golden_top.v Line: 82
    Warning (13040): bidirectional pin "GPIO[1]" has no driver File: C:/Users/joeru/Documents/gitRepos/scratchComputer/verilog/alteraFgpa/de10lite/Golden_Top/de10_lite_golden_top.v Line: 82
    Warning (13040): bidirectional pin "GPIO[2]" has no driver File: C:/Users/joeru/Documents/gitRepos/scratchComputer/verilog/alteraFgpa/de10lite/Golden_Top/de10_lite_golden_top.v Line: 82
    Warning (13040): bidirectional pin "GPIO[3]" has no driver File: C:/Users/joeru/Documents/gitRepos/scratchComputer/verilog/alteraFgpa/de10lite/Golden_Top/de10_lite_golden_top.v Line: 82
    Warning (13040): bidirectional pin "GPIO[4]" has no driver File: C:/Users/joeru/Documents/gitRepos/scratchComputer/verilog/alteraFgpa/de10lite/Golden_Top/de10_lite_golden_top.v Line: 82
    Warning (13040): bidirectional pin "GPIO[5]" has no driver File: C:/Users/joeru/Documents/gitRepos/scratchComputer/verilog/alteraFgpa/de10lite/Golden_Top/de10_lite_golden_top.v Line: 82
    Warning (13040): bidirectional pin "GPIO[6]" has no driver File: C:/Users/joeru/Documents/gitRepos/scratchComputer/verilog/alteraFgpa/de10lite/Golden_Top/de10_lite_golden_top.v Line: 82
    Warning (13040): bidirectional pin "GPIO[7]" has no driver File: C:/Users/joeru/Documents/gitRepos/scratchComputer/verilog/alteraFgpa/de10lite/Golden_Top/de10_lite_golden_top.v Line: 82
    Warning (13040): bidirectional pin "GPIO[8]" has no driver File: C:/Users/joeru/Documents/gitRepos/scratchComputer/verilog/alteraFgpa/de10lite/Golden_Top/de10_lite_golden_top.v Line: 82
    Warning (13040): bidirectional pin "GPIO[9]" has no driver File: C:/Users/joeru/Documents/gitRepos/scratchComputer/verilog/alteraFgpa/de10lite/Golden_Top/de10_lite_golden_top.v Line: 82
    Warning (13040): bidirectional pin "GPIO[10]" has no driver File: C:/Users/joeru/Documents/gitRepos/scratchComputer/verilog/alteraFgpa/de10lite/Golden_Top/de10_lite_golden_top.v Line: 82
    Warning (13040): bidirectional pin "GPIO[11]" has no driver File: C:/Users/joeru/Documents/gitRepos/scratchComputer/verilog/alteraFgpa/de10lite/Golden_Top/de10_lite_golden_top.v Line: 82
    Warning (13040): bidirectional pin "GPIO[12]" has no driver File: C:/Users/joeru/Documents/gitRepos/scratchComputer/verilog/alteraFgpa/de10lite/Golden_Top/de10_lite_golden_top.v Line: 82
    Warning (13040): bidirectional pin "GPIO[13]" has no driver File: C:/Users/joeru/Documents/gitRepos/scratchComputer/verilog/alteraFgpa/de10lite/Golden_Top/de10_lite_golden_top.v Line: 82
    Warning (13040): bidirectional pin "GPIO[14]" has no driver File: C:/Users/joeru/Documents/gitRepos/scratchComputer/verilog/alteraFgpa/de10lite/Golden_Top/de10_lite_golden_top.v Line: 82
    Warning (13040): bidirectional pin "GPIO[15]" has no driver File: C:/Users/joeru/Documents/gitRepos/scratchComputer/verilog/alteraFgpa/de10lite/Golden_Top/de10_lite_golden_top.v Line: 82
    Warning (13040): bidirectional pin "GPIO[16]" has no driver File: C:/Users/joeru/Documents/gitRepos/scratchComputer/verilog/alteraFgpa/de10lite/Golden_Top/de10_lite_golden_top.v Line: 82
    Warning (13040): bidirectional pin "GPIO[17]" has no driver File: C:/Users/joeru/Documents/gitRepos/scratchComputer/verilog/alteraFgpa/de10lite/Golden_Top/de10_lite_golden_top.v Line: 82
    Warning (13040): bidirectional pin "GPIO[18]" has no driver File: C:/Users/joeru/Documents/gitRepos/scratchComputer/verilog/alteraFgpa/de10lite/Golden_Top/de10_lite_golden_top.v Line: 82
    Warning (13040): bidirectional pin "GPIO[19]" has no driver File: C:/Users/joeru/Documents/gitRepos/scratchComputer/verilog/alteraFgpa/de10lite/Golden_Top/de10_lite_golden_top.v Line: 82
    Warning (13040): bidirectional pin "GPIO[20]" has no driver File: C:/Users/joeru/Documents/gitRepos/scratchComputer/verilog/alteraFgpa/de10lite/Golden_Top/de10_lite_golden_top.v Line: 82
    Warning (13040): bidirectional pin "GPIO[21]" has no driver File: C:/Users/joeru/Documents/gitRepos/scratchComputer/verilog/alteraFgpa/de10lite/Golden_Top/de10_lite_golden_top.v Line: 82
    Warning (13040): bidirectional pin "GPIO[22]" has no driver File: C:/Users/joeru/Documents/gitRepos/scratchComputer/verilog/alteraFgpa/de10lite/Golden_Top/de10_lite_golden_top.v Line: 82
    Warning (13040): bidirectional pin "GPIO[23]" has no driver File: C:/Users/joeru/Documents/gitRepos/scratchComputer/verilog/alteraFgpa/de10lite/Golden_Top/de10_lite_golden_top.v Line: 82
    Warning (13040): bidirectional pin "GPIO[24]" has no driver File: C:/Users/joeru/Documents/gitRepos/scratchComputer/verilog/alteraFgpa/de10lite/Golden_Top/de10_lite_golden_top.v Line: 82
    Warning (13040): bidirectional pin "GPIO[25]" has no driver File: C:/Users/joeru/Documents/gitRepos/scratchComputer/verilog/alteraFgpa/de10lite/Golden_Top/de10_lite_golden_top.v Line: 82
    Warning (13040): bidirectional pin "GPIO[26]" has no driver File: C:/Users/joeru/Documents/gitRepos/scratchComputer/verilog/alteraFgpa/de10lite/Golden_Top/de10_lite_golden_top.v Line: 82
    Warning (13040): bidirectional pin "GPIO[27]" has no driver File: C:/Users/joeru/Documents/gitRepos/scratchComputer/verilog/alteraFgpa/de10lite/Golden_Top/de10_lite_golden_top.v Line: 82
    Warning (13040): bidirectional pin "GPIO[28]" has no driver File: C:/Users/joeru/Documents/gitRepos/scratchComputer/verilog/alteraFgpa/de10lite/Golden_Top/de10_lite_golden_top.v Line: 82
    Warning (13040): bidirectional pin "GPIO[29]" has no driver File: C:/Users/joeru/Documents/gitRepos/scratchComputer/verilog/alteraFgpa/de10lite/Golden_Top/de10_lite_golden_top.v Line: 82
    Warning (13040): bidirectional pin "GPIO[30]" has no driver File: C:/Users/joeru/Documents/gitRepos/scratchComputer/verilog/alteraFgpa/de10lite/Golden_Top/de10_lite_golden_top.v Line: 82
    Warning (13040): bidirectional pin "GPIO[31]" has no driver File: C:/Users/joeru/Documents/gitRepos/scratchComputer/verilog/alteraFgpa/de10lite/Golden_Top/de10_lite_golden_top.v Line: 82
    Warning (13040): bidirectional pin "GPIO[32]" has no driver File: C:/Users/joeru/Documents/gitRepos/scratchComputer/verilog/alteraFgpa/de10lite/Golden_Top/de10_lite_golden_top.v Line: 82
    Warning (13040): bidirectional pin "GPIO[33]" has no driver File: C:/Users/joeru/Documents/gitRepos/scratchComputer/verilog/alteraFgpa/de10lite/Golden_Top/de10_lite_golden_top.v Line: 82
    Warning (13040): bidirectional pin "GPIO[34]" has no driver File: C:/Users/joeru/Documents/gitRepos/scratchComputer/verilog/alteraFgpa/de10lite/Golden_Top/de10_lite_golden_top.v Line: 82
    Warning (13040): bidirectional pin "GPIO[35]" has no driver File: C:/Users/joeru/Documents/gitRepos/scratchComputer/verilog/alteraFgpa/de10lite/Golden_Top/de10_lite_golden_top.v Line: 82
Warning (13024): Output pins are stuck at VCC or GND
    Warning (13410): Pin "DRAM_ADDR[0]" is stuck at GND File: C:/Users/joeru/Documents/gitRepos/scratchComputer/verilog/alteraFgpa/de10lite/Golden_Top/de10_lite_golden_top.v Line: 33
    Warning (13410): Pin "DRAM_ADDR[1]" is stuck at GND File: C:/Users/joeru/Documents/gitRepos/scratchComputer/verilog/alteraFgpa/de10lite/Golden_Top/de10_lite_golden_top.v Line: 33
    Warning (13410): Pin "DRAM_ADDR[2]" is stuck at GND File: C:/Users/joeru/Documents/gitRepos/scratchComputer/verilog/alteraFgpa/de10lite/Golden_Top/de10_lite_golden_top.v Line: 33
    Warning (13410): Pin "DRAM_ADDR[3]" is stuck at GND File: C:/Users/joeru/Documents/gitRepos/scratchComputer/verilog/alteraFgpa/de10lite/Golden_Top/de10_lite_golden_top.v Line: 33
    Warning (13410): Pin "DRAM_ADDR[4]" is stuck at GND File: C:/Users/joeru/Documents/gitRepos/scratchComputer/verilog/alteraFgpa/de10lite/Golden_Top/de10_lite_golden_top.v Line: 33
    Warning (13410): Pin "DRAM_ADDR[5]" is stuck at GND File: C:/Users/joeru/Documents/gitRepos/scratchComputer/verilog/alteraFgpa/de10lite/Golden_Top/de10_lite_golden_top.v Line: 33
    Warning (13410): Pin "DRAM_ADDR[6]" is stuck at GND File: C:/Users/joeru/Documents/gitRepos/scratchComputer/verilog/alteraFgpa/de10lite/Golden_Top/de10_lite_golden_top.v Line: 33
    Warning (13410): Pin "DRAM_ADDR[7]" is stuck at GND File: C:/Users/joeru/Documents/gitRepos/scratchComputer/verilog/alteraFgpa/de10lite/Golden_Top/de10_lite_golden_top.v Line: 33
    Warning (13410): Pin "DRAM_ADDR[8]" is stuck at GND File: C:/Users/joeru/Documents/gitRepos/scratchComputer/verilog/alteraFgpa/de10lite/Golden_Top/de10_lite_golden_top.v Line: 33
    Warning (13410): Pin "DRAM_ADDR[9]" is stuck at GND File: C:/Users/joeru/Documents/gitRepos/scratchComputer/verilog/alteraFgpa/de10lite/Golden_Top/de10_lite_golden_top.v Line: 33
    Warning (13410): Pin "DRAM_ADDR[10]" is stuck at GND File: C:/Users/joeru/Documents/gitRepos/scratchComputer/verilog/alteraFgpa/de10lite/Golden_Top/de10_lite_golden_top.v Line: 33
    Warning (13410): Pin "DRAM_ADDR[11]" is stuck at GND File: C:/Users/joeru/Documents/gitRepos/scratchComputer/verilog/alteraFgpa/de10lite/Golden_Top/de10_lite_golden_top.v Line: 33
    Warning (13410): Pin "DRAM_ADDR[12]" is stuck at GND File: C:/Users/joeru/Documents/gitRepos/scratchComputer/verilog/alteraFgpa/de10lite/Golden_Top/de10_lite_golden_top.v Line: 33
    Warning (13410): Pin "DRAM_BA[0]" is stuck at GND File: C:/Users/joeru/Documents/gitRepos/scratchComputer/verilog/alteraFgpa/de10lite/Golden_Top/de10_lite_golden_top.v Line: 34
    Warning (13410): Pin "DRAM_BA[1]" is stuck at GND File: C:/Users/joeru/Documents/gitRepos/scratchComputer/verilog/alteraFgpa/de10lite/Golden_Top/de10_lite_golden_top.v Line: 34
    Warning (13410): Pin "DRAM_CAS_N" is stuck at GND File: C:/Users/joeru/Documents/gitRepos/scratchComputer/verilog/alteraFgpa/de10lite/Golden_Top/de10_lite_golden_top.v Line: 35
    Warning (13410): Pin "DRAM_CKE" is stuck at GND File: C:/Users/joeru/Documents/gitRepos/scratchComputer/verilog/alteraFgpa/de10lite/Golden_Top/de10_lite_golden_top.v Line: 36
    Warning (13410): Pin "DRAM_CLK" is stuck at GND File: C:/Users/joeru/Documents/gitRepos/scratchComputer/verilog/alteraFgpa/de10lite/Golden_Top/de10_lite_golden_top.v Line: 37
    Warning (13410): Pin "DRAM_CS_N" is stuck at GND File: C:/Users/joeru/Documents/gitRepos/scratchComputer/verilog/alteraFgpa/de10lite/Golden_Top/de10_lite_golden_top.v Line: 38
    Warning (13410): Pin "DRAM_LDQM" is stuck at GND File: C:/Users/joeru/Documents/gitRepos/scratchComputer/verilog/alteraFgpa/de10lite/Golden_Top/de10_lite_golden_top.v Line: 40
    Warning (13410): Pin "DRAM_RAS_N" is stuck at GND File: C:/Users/joeru/Documents/gitRepos/scratchComputer/verilog/alteraFgpa/de10lite/Golden_Top/de10_lite_golden_top.v Line: 41
    Warning (13410): Pin "DRAM_UDQM" is stuck at GND File: C:/Users/joeru/Documents/gitRepos/scratchComputer/verilog/alteraFgpa/de10lite/Golden_Top/de10_lite_golden_top.v Line: 42
    Warning (13410): Pin "DRAM_WE_N" is stuck at GND File: C:/Users/joeru/Documents/gitRepos/scratchComputer/verilog/alteraFgpa/de10lite/Golden_Top/de10_lite_golden_top.v Line: 43
    Warning (13410): Pin "HEX0[7]" is stuck at VCC File: C:/Users/joeru/Documents/gitRepos/scratchComputer/verilog/alteraFgpa/de10lite/Golden_Top/de10_lite_golden_top.v Line: 46
    Warning (13410): Pin "HEX1[7]" is stuck at VCC File: C:/Users/joeru/Documents/gitRepos/scratchComputer/verilog/alteraFgpa/de10lite/Golden_Top/de10_lite_golden_top.v Line: 47
    Warning (13410): Pin "HEX2[7]" is stuck at VCC File: C:/Users/joeru/Documents/gitRepos/scratchComputer/verilog/alteraFgpa/de10lite/Golden_Top/de10_lite_golden_top.v Line: 48
    Warning (13410): Pin "HEX3[7]" is stuck at VCC File: C:/Users/joeru/Documents/gitRepos/scratchComputer/verilog/alteraFgpa/de10lite/Golden_Top/de10_lite_golden_top.v Line: 49
    Warning (13410): Pin "HEX4[7]" is stuck at VCC File: C:/Users/joeru/Documents/gitRepos/scratchComputer/verilog/alteraFgpa/de10lite/Golden_Top/de10_lite_golden_top.v Line: 50
    Warning (13410): Pin "HEX5[7]" is stuck at VCC File: C:/Users/joeru/Documents/gitRepos/scratchComputer/verilog/alteraFgpa/de10lite/Golden_Top/de10_lite_golden_top.v Line: 51
    Warning (13410): Pin "LEDR[0]" is stuck at GND File: C:/Users/joeru/Documents/gitRepos/scratchComputer/verilog/alteraFgpa/de10lite/Golden_Top/de10_lite_golden_top.v Line: 57
    Warning (13410): Pin "LEDR[1]" is stuck at GND File: C:/Users/joeru/Documents/gitRepos/scratchComputer/verilog/alteraFgpa/de10lite/Golden_Top/de10_lite_golden_top.v Line: 57
    Warning (13410): Pin "LEDR[2]" is stuck at GND File: C:/Users/joeru/Documents/gitRepos/scratchComputer/verilog/alteraFgpa/de10lite/Golden_Top/de10_lite_golden_top.v Line: 57
    Warning (13410): Pin "LEDR[3]" is stuck at GND File: C:/Users/joeru/Documents/gitRepos/scratchComputer/verilog/alteraFgpa/de10lite/Golden_Top/de10_lite_golden_top.v Line: 57
    Warning (13410): Pin "LEDR[4]" is stuck at GND File: C:/Users/joeru/Documents/gitRepos/scratchComputer/verilog/alteraFgpa/de10lite/Golden_Top/de10_lite_golden_top.v Line: 57
    Warning (13410): Pin "LEDR[5]" is stuck at GND File: C:/Users/joeru/Documents/gitRepos/scratchComputer/verilog/alteraFgpa/de10lite/Golden_Top/de10_lite_golden_top.v Line: 57
    Warning (13410): Pin "LEDR[6]" is stuck at GND File: C:/Users/joeru/Documents/gitRepos/scratchComputer/verilog/alteraFgpa/de10lite/Golden_Top/de10_lite_golden_top.v Line: 57
    Warning (13410): Pin "LEDR[7]" is stuck at GND File: C:/Users/joeru/Documents/gitRepos/scratchComputer/verilog/alteraFgpa/de10lite/Golden_Top/de10_lite_golden_top.v Line: 57
    Warning (13410): Pin "LEDR[8]" is stuck at GND File: C:/Users/joeru/Documents/gitRepos/scratchComputer/verilog/alteraFgpa/de10lite/Golden_Top/de10_lite_golden_top.v Line: 57
    Warning (13410): Pin "LEDR[9]" is stuck at GND File: C:/Users/joeru/Documents/gitRepos/scratchComputer/verilog/alteraFgpa/de10lite/Golden_Top/de10_lite_golden_top.v Line: 57
    Warning (13410): Pin "VGA_B[0]" is stuck at GND File: C:/Users/joeru/Documents/gitRepos/scratchComputer/verilog/alteraFgpa/de10lite/Golden_Top/de10_lite_golden_top.v Line: 63
    Warning (13410): Pin "VGA_B[1]" is stuck at GND File: C:/Users/joeru/Documents/gitRepos/scratchComputer/verilog/alteraFgpa/de10lite/Golden_Top/de10_lite_golden_top.v Line: 63
    Warning (13410): Pin "VGA_B[2]" is stuck at GND File: C:/Users/joeru/Documents/gitRepos/scratchComputer/verilog/alteraFgpa/de10lite/Golden_Top/de10_lite_golden_top.v Line: 63
    Warning (13410): Pin "VGA_B[3]" is stuck at GND File: C:/Users/joeru/Documents/gitRepos/scratchComputer/verilog/alteraFgpa/de10lite/Golden_Top/de10_lite_golden_top.v Line: 63
    Warning (13410): Pin "VGA_G[0]" is stuck at GND File: C:/Users/joeru/Documents/gitRepos/scratchComputer/verilog/alteraFgpa/de10lite/Golden_Top/de10_lite_golden_top.v Line: 64
    Warning (13410): Pin "VGA_G[1]" is stuck at GND File: C:/Users/joeru/Documents/gitRepos/scratchComputer/verilog/alteraFgpa/de10lite/Golden_Top/de10_lite_golden_top.v Line: 64
    Warning (13410): Pin "VGA_G[2]" is stuck at GND File: C:/Users/joeru/Documents/gitRepos/scratchComputer/verilog/alteraFgpa/de10lite/Golden_Top/de10_lite_golden_top.v Line: 64
    Warning (13410): Pin "VGA_G[3]" is stuck at GND File: C:/Users/joeru/Documents/gitRepos/scratchComputer/verilog/alteraFgpa/de10lite/Golden_Top/de10_lite_golden_top.v Line: 64
    Warning (13410): Pin "VGA_HS" is stuck at GND File: C:/Users/joeru/Documents/gitRepos/scratchComputer/verilog/alteraFgpa/de10lite/Golden_Top/de10_lite_golden_top.v Line: 65
    Warning (13410): Pin "VGA_R[0]" is stuck at GND File: C:/Users/joeru/Documents/gitRepos/scratchComputer/verilog/alteraFgpa/de10lite/Golden_Top/de10_lite_golden_top.v Line: 66
    Warning (13410): Pin "VGA_R[1]" is stuck at GND File: C:/Users/joeru/Documents/gitRepos/scratchComputer/verilog/alteraFgpa/de10lite/Golden_Top/de10_lite_golden_top.v Line: 66
    Warning (13410): Pin "VGA_R[2]" is stuck at GND File: C:/Users/joeru/Documents/gitRepos/scratchComputer/verilog/alteraFgpa/de10lite/Golden_Top/de10_lite_golden_top.v Line: 66
    Warning (13410): Pin "VGA_R[3]" is stuck at GND File: C:/Users/joeru/Documents/gitRepos/scratchComputer/verilog/alteraFgpa/de10lite/Golden_Top/de10_lite_golden_top.v Line: 66
    Warning (13410): Pin "VGA_VS" is stuck at GND File: C:/Users/joeru/Documents/gitRepos/scratchComputer/verilog/alteraFgpa/de10lite/Golden_Top/de10_lite_golden_top.v Line: 67
    Warning (13410): Pin "GSENSOR_CS_N" is stuck at GND File: C:/Users/joeru/Documents/gitRepos/scratchComputer/verilog/alteraFgpa/de10lite/Golden_Top/de10_lite_golden_top.v Line: 70
    Warning (13410): Pin "GSENSOR_SCLK" is stuck at GND File: C:/Users/joeru/Documents/gitRepos/scratchComputer/verilog/alteraFgpa/de10lite/Golden_Top/de10_lite_golden_top.v Line: 72
Info (286030): Timing-Driven Synthesis is running
Info (17049): 8 registers lost all their fanouts during netlist optimizations.
Info (17036): Removed 6 MSB VCC or GND address nodes from RAM block "sdram32:RAM|altsyncram:altsyncram_component|altsyncram_4hi1:auto_generated|ALTSYNCRAM" File: C:/Users/joeru/Documents/gitRepos/scratchComputer/verilog/alteraFgpa/de10lite/Golden_Top/db/altsyncram_4hi1.tdf Line: 33
Info (16010): Generating hard_block partition "hard_block:auto_generated_inst"
    Info (16011): Adding 0 node(s), including 0 DDIO, 0 PLL, 0 transceiver and 0 LCELL
Warning (21074): Design contains 14 input pin(s) that do not drive logic
    Warning (15610): No output dependent on input pin "ADC_CLK_10" File: C:/Users/joeru/Documents/gitRepos/scratchComputer/verilog/alteraFgpa/de10lite/Golden_Top/de10_lite_golden_top.v Line: 28
    Warning (15610): No output dependent on input pin "MAX10_CLK2_50" File: C:/Users/joeru/Documents/gitRepos/scratchComputer/verilog/alteraFgpa/de10lite/Golden_Top/de10_lite_golden_top.v Line: 30
    Warning (15610): No output dependent on input pin "SW[0]" File: C:/Users/joeru/Documents/gitRepos/scratchComputer/verilog/alteraFgpa/de10lite/Golden_Top/de10_lite_golden_top.v Line: 60
    Warning (15610): No output dependent on input pin "SW[1]" File: C:/Users/joeru/Documents/gitRepos/scratchComputer/verilog/alteraFgpa/de10lite/Golden_Top/de10_lite_golden_top.v Line: 60
    Warning (15610): No output dependent on input pin "SW[2]" File: C:/Users/joeru/Documents/gitRepos/scratchComputer/verilog/alteraFgpa/de10lite/Golden_Top/de10_lite_golden_top.v Line: 60
    Warning (15610): No output dependent on input pin "SW[3]" File: C:/Users/joeru/Documents/gitRepos/scratchComputer/verilog/alteraFgpa/de10lite/Golden_Top/de10_lite_golden_top.v Line: 60
    Warning (15610): No output dependent on input pin "SW[4]" File: C:/Users/joeru/Documents/gitRepos/scratchComputer/verilog/alteraFgpa/de10lite/Golden_Top/de10_lite_golden_top.v Line: 60
    Warning (15610): No output dependent on input pin "SW[5]" File: C:/Users/joeru/Documents/gitRepos/scratchComputer/verilog/alteraFgpa/de10lite/Golden_Top/de10_lite_golden_top.v Line: 60
    Warning (15610): No output dependent on input pin "SW[6]" File: C:/Users/joeru/Documents/gitRepos/scratchComputer/verilog/alteraFgpa/de10lite/Golden_Top/de10_lite_golden_top.v Line: 60
    Warning (15610): No output dependent on input pin "SW[7]" File: C:/Users/joeru/Documents/gitRepos/scratchComputer/verilog/alteraFgpa/de10lite/Golden_Top/de10_lite_golden_top.v Line: 60
    Warning (15610): No output dependent on input pin "SW[8]" File: C:/Users/joeru/Documents/gitRepos/scratchComputer/verilog/alteraFgpa/de10lite/Golden_Top/de10_lite_golden_top.v Line: 60
    Warning (15610): No output dependent on input pin "SW[9]" File: C:/Users/joeru/Documents/gitRepos/scratchComputer/verilog/alteraFgpa/de10lite/Golden_Top/de10_lite_golden_top.v Line: 60
    Warning (15610): No output dependent on input pin "GSENSOR_INT[1]" File: C:/Users/joeru/Documents/gitRepos/scratchComputer/verilog/alteraFgpa/de10lite/Golden_Top/de10_lite_golden_top.v Line: 71
    Warning (15610): No output dependent on input pin "GSENSOR_INT[2]" File: C:/Users/joeru/Documents/gitRepos/scratchComputer/verilog/alteraFgpa/de10lite/Golden_Top/de10_lite_golden_top.v Line: 71
Info (21057): Implemented 254 device resources after synthesis - the final resource count might be different
    Info (21058): Implemented 17 input pins
    Info (21059): Implemented 97 output pins
    Info (21060): Implemented 71 bidirectional pins
    Info (21061): Implemented 45 logic cells
    Info (21064): Implemented 24 RAM segments
Info: Quartus Prime Analysis & Synthesis was successful. 0 errors, 180 warnings
    Info: Peak virtual memory: 4812 megabytes
    Info: Processing ended: Wed Jul 26 20:37:42 2023
    Info: Elapsed time: 00:00:08
    Info: Total CPU time (on all processors): 00:00:24


